<?xml version="1.0" encoding="UTF-8"?>
<!-- Generated by org.testng.reporters.JUnitReportReporter -->
<testsuite hostname="DESKTOP-SMGNKPT" failures="0" tests="2" name="testCases.ManageLocationTestCase" time="42.509" errors="0" timestamp="2023-01-04T18:00:26 IST" skipped="0">
  <testcase classname="testCases.ManageLocationTestCase" name="verifyTheSelectedValueIsBelfast" time="21.512"/>
  <testcase classname="testCases.ManageLocationTestCase" name="verifyTheCountOfActiveStatus" time="20.997"/>
</testsuite> <!-- testCases.ManageLocationTestCase -->
