<?xml version="1.0" encoding="UTF-8"?>
<!-- Generated by org.testng.reporters.JUnitReportReporter -->
<testsuite hostname="DESKTOP-SMGNKPT" failures="0" tests="7" name="testCases.LoginTestCase" time="34.142" errors="0" timestamp="2023-01-16T12:38:02 IST" skipped="0">
  <testcase classname="testCases.LoginTestCase" name="verifyLoggedUser" time="18.891"/>
  <testcase classname="testCases.LoginTestCase" name="verifyLoggedUser" time="2.302"/>
  <testcase classname="testCases.LoginTestCase" name="verifyLoggedUser" time="2.433"/>
  <testcase classname="testCases.LoginTestCase" name="verifyLoggedUser" time="2.951"/>
  <testcase classname="testCases.LoginTestCase" name="excelRead" time="2.873"/>
  <testcase classname="testCases.LoginTestCase" name="verifyRememberCheckBoxIsDisplayedOrNot" time="2.123"/>
  <testcase classname="testCases.LoginTestCase" name="profileStyleValidation" time="2.569"/>
</testsuite> <!-- testCases.LoginTestCase -->
