<?xml version="1.0" encoding="UTF-8"?>
<!-- Generated by org.testng.reporters.JUnitReportReporter -->
<testsuite hostname="DESKTOP-SMGNKPT" failures="0" tests="3" name="testCases.AdminUsersTestCase" time="44.559" errors="0" timestamp="2023-01-16T12:38:02 IST" skipped="0">
  <testcase classname="testCases.AdminUsersTestCase" name="verifyTheAdminUserIsAbleToCreate" time="4.690"/>
  <testcase classname="testCases.AdminUsersTestCase" name="verifyIfTheExistingAdminUserIsAbleToCreateOrNot" time="20.052"/>
  <testcase classname="testCases.AdminUsersTestCase" name="verifyTheSearchOfExistingAdminUser" time="19.817"/>
</testsuite> <!-- testCases.AdminUsersTestCase -->
