<?xml version="1.0" encoding="UTF-8"?>
<!-- Generated by org.testng.reporters.JUnitReportReporter -->
<testsuite hostname="DESKTOP-SMGNKPT" failures="0" tests="1" name="testCases.PushNotificationTestCase" time="6.774" errors="0" timestamp="2022-12-17T19:11:59 IST" skipped="0">
  <testcase classname="testCases.PushNotificationTestCase" name="verifyTheAlertText" time="6.774"/>
  <system-out/>
</testsuite> <!-- testCases.PushNotificationTestCase -->
