<?xml version="1.0" encoding="UTF-8"?>
<!-- Generated by org.testng.reporters.JUnitReportReporter -->
<testsuite hostname="DESKTOP-SMGNKPT" failures="0" tests="1" name="testCases.ManageOrdersTestCase" time="8.934" errors="0" timestamp="2022-12-22T11:32:15 IST" skipped="0">
  <testcase classname="testCases.ManageOrdersTestCase" name="verifyTheValuesOfStatusInSearchOrder" time="8.934"/>
  <system-out/>
</testsuite> <!-- testCases.ManageOrdersTestCase -->
