<?xml version="1.0" encoding="UTF-8"?>
<!-- Generated by org.testng.reporters.JUnitReportReporter -->
<testsuite hostname="DESKTOP-SMGNKPT" failures="0" tests="1" name="testCases.LoginTestCase" time="4.207" errors="0" timestamp="2023-01-16T18:16:22 IST" skipped="0">
  <testcase classname="testCases.LoginTestCase" name="excelRead" time="4.207"/>
</testsuite> <!-- testCases.LoginTestCase -->
