<?xml version="1.0" encoding="UTF-8"?>
<!-- Generated by org.testng.reporters.JUnitReportReporter -->
<testsuite hostname="DESKTOP-SMGNKPT" failures="0" tests="3" name="testCases.MobileSliderTestCase" time="27.018" errors="0" timestamp="2023-01-06T14:20:31 IST" skipped="0">
  <testcase classname="testCases.MobileSliderTestCase" name="verifyFirstImageIsDisplayedOrNot" time="20.098"/>
  <testcase classname="testCases.MobileSliderTestCase" name="verifyTextOfMobileSlider" time="2.966"/>
  <testcase classname="testCases.MobileSliderTestCase" name="verifyFirstImageStatusIsActiveOrNot" time="3.954"/>
</testsuite> <!-- testCases.MobileSliderTestCase -->
