<?xml version="1.0" encoding="UTF-8"?>
<!-- Generated by org.testng.reporters.JUnitReportReporter -->
<testsuite hostname="DESKTOP-SMGNKPT" failures="0" tests="4" name="testCases.ManageProductTestCase" time="65.395" errors="0" timestamp="2023-01-06T14:20:31 IST" skipped="0">
  <testcase classname="testCases.ManageProductTestCase" name="verifyYesIsSelectedInStock" time="5.514"/>
  <testcase classname="testCases.ManageProductTestCase" name="verifyVegIsSelectedInProductType" time="21.411"/>
  <testcase classname="testCases.ManageProductTestCase" name="verifyImageUpload" time="26.578"/>
  <testcase classname="testCases.ManageProductTestCase" name="verifyAddNewProduct" time="11.892"/>
</testsuite> <!-- testCases.ManageProductTestCase -->
