<?xml version="1.0" encoding="UTF-8"?>
<!-- Generated by org.testng.reporters.JUnitReportReporter -->
<testsuite hostname="DESKTOP-SMGNKPT" failures="0" tests="3" name="testCases.ManageDeliveryBoyTestCase" time="69.476" errors="0" timestamp="2023-01-04T18:00:26 IST" skipped="0">
  <testcase classname="testCases.ManageDeliveryBoyTestCase" name="verifyToolTip" time="24.010"/>
  <testcase classname="testCases.ManageDeliveryBoyTestCase" name="verifyStylePropertyOfNewButton" time="22.981"/>
  <testcase classname="testCases.ManageDeliveryBoyTestCase" name="verifySearchButtonIsClickable" time="22.485"/>
</testsuite> <!-- testCases.ManageDeliveryBoyTestCase -->
