<?xml version="1.0" encoding="UTF-8"?>
<!-- Generated by org.testng.reporters.JUnitReportReporter -->
<testsuite hostname="DESKTOP-SMGNKPT" failures="0" tests="3" name="testCases.AdminUsersTestCase" time="71.586" errors="0" timestamp="2023-01-04T18:00:26 IST" skipped="0">
  <testcase classname="testCases.AdminUsersTestCase" name="verifyTheSearchOfExistingAdminUser" time="19.974"/>
  <testcase classname="testCases.AdminUsersTestCase" name="verifyTheAdminUserIsAbleToCreate" time="23.003"/>
  <testcase classname="testCases.AdminUsersTestCase" name="verifyIfTheExistingAdminUserIsAbleToCreateOrNot" time="28.609"/>
</testsuite> <!-- testCases.AdminUsersTestCase -->
