<?xml version="1.0" encoding="UTF-8"?>
<!-- Generated by org.testng.reporters.JUnitReportReporter -->
<testsuite hostname="DESKTOP-SMGNKPT" failures="0" tests="1" name="testCases.ManageProductTestCase" time="18.251" errors="0" timestamp="2022-12-22T18:10:16 IST" skipped="0">
  <testcase classname="testCases.ManageProductTestCase" name="verifyImageUpload" time="18.251"/>
  <system-out/>
</testsuite> <!-- testCases.ManageProductTestCase -->
