<?xml version="1.0" encoding="UTF-8"?>
<!-- Generated by org.testng.reporters.JUnitReportReporter -->
<testsuite hostname="DESKTOP-SMGNKPT" failures="0" tests="1" name="testCases.LoginTestCase" time="3.422" errors="0" timestamp="2022-12-16T09:35:34 IST" skipped="0">
  <testcase classname="testCases.LoginTestCase" name="verifyRememberCheckBoxIsDisplayedOrNot" time="3.422"/>
  <system-out/>
</testsuite> <!-- testCases.LoginTestCase -->
