<?xml version="1.0" encoding="UTF-8"?>
<!-- Generated by org.testng.reporters.JUnitReportReporter -->
<testsuite hostname="DESKTOP-SMGNKPT" failures="0" tests="1" name="testCases.ManageOrdersTestCase" time="21.121" errors="0" timestamp="2023-01-16T12:41:21 IST" skipped="0">
  <testcase classname="testCases.ManageOrdersTestCase" name="verifyTheSearchOfExistingOrder" time="21.121"/>
</testsuite> <!-- testCases.ManageOrdersTestCase -->
