<?xml version="1.0" encoding="UTF-8"?>
<!-- Generated by org.testng.reporters.JUnitReportReporter -->
<testsuite hostname="DESKTOP-SMGNKPT" failures="0" tests="3" name="testCases.DashboardTestCase" time="25.252" errors="0" timestamp="2022-12-15T09:50:42 IST" skipped="0">
  <testcase classname="testCases.DashboardTestCase" name="homeStyleValidation" time="19.363"/>
  <system-out/>
  <testcase classname="testCases.DashboardTestCase" name="verifyTextOfManageExpenses" time="2.752"/>
  <system-out/>
  <testcase classname="testCases.DashboardTestCase" name="verifyTextOfManageUsers" time="3.137"/>
  <system-out/>
</testsuite> <!-- testCases.DashboardTestCase -->
