<?xml version="1.0" encoding="UTF-8"?>
<!-- Generated by org.testng.reporters.JUnitReportReporter -->
<testsuite hostname="DESKTOP-SMGNKPT" failures="0" tests="6" name="testCases.ManageOrdersTestCase" time="131.032" errors="0" timestamp="2023-01-04T18:00:26 IST" skipped="0">
  <testcase classname="testCases.ManageOrdersTestCase" name="verifyTheChangeDeliveryDateOfSearchedOrder" time="28.187"/>
  <testcase classname="testCases.ManageOrdersTestCase" name="verifyThePaymentModeIsBank" time="21.025"/>
  <testcase classname="testCases.ManageOrdersTestCase" name="verifyTheSearchOfNonExistingOrder" time="20.733"/>
  <testcase classname="testCases.ManageOrdersTestCase" name="verifyTheSearchOfExistingOrder" time="20.342"/>
  <testcase classname="testCases.ManageOrdersTestCase" name="verifyTheValuesOfStatusInSearchOrder" time="19.746"/>
  <testcase classname="testCases.ManageOrdersTestCase" name="verifyThePaymentModeAndOrderId" time="20.999"/>
</testsuite> <!-- testCases.ManageOrdersTestCase -->
