<?xml version="1.0" encoding="UTF-8"?>
<!-- Generated by org.testng.reporters.JUnitReportReporter -->
<testsuite hostname="DESKTOP-SMGNKPT" failures="0" tests="21" name="testCases.LoginTestCase" time="117.398" errors="0" timestamp="2023-01-06T19:39:17 IST" skipped="0">
  <testcase classname="testCases.LoginTestCase" name="verifyLoggedUser" time="5.419"/>
  <testcase classname="testCases.LoginTestCase" name="verifyLoggedUser" time="6.429"/>
  <testcase classname="testCases.LoginTestCase" name="verifyLoggedUser" time="8.625"/>
  <testcase classname="testCases.LoginTestCase" name="verifyLoggedUser" time="5.780"/>
  <testcase classname="testCases.LoginTestCase" name="verifyLoggedUser" time="6.545"/>
  <testcase classname="testCases.LoginTestCase" name="verifyLoggedUser" time="6.059"/>
  <testcase classname="testCases.LoginTestCase" name="verifyLoggedUser" time="3.007"/>
  <testcase classname="testCases.LoginTestCase" name="verifyLoggedUser" time="5.378"/>
  <testcase classname="testCases.LoginTestCase" name="verifyLoggedUser" time="3.346"/>
  <testcase classname="testCases.LoginTestCase" name="verifyLoggedUser" time="5.649"/>
  <testcase classname="testCases.LoginTestCase" name="verifyLoggedUser" time="6.009"/>
  <testcase classname="testCases.LoginTestCase" name="verifyLoggedUser" time="3.258"/>
  <testcase classname="testCases.LoginTestCase" name="excelRead" time="6.236"/>
  <testcase classname="testCases.LoginTestCase" name="excelRead" time="4.414"/>
  <testcase classname="testCases.LoginTestCase" name="excelRead" time="5.780"/>
  <testcase classname="testCases.LoginTestCase" name="verifyRememberCheckBoxIsDisplayedOrNot" time="4.799"/>
  <testcase classname="testCases.LoginTestCase" name="verifyRememberCheckBoxIsDisplayedOrNot" time="6.001"/>
  <testcase classname="testCases.LoginTestCase" name="verifyRememberCheckBoxIsDisplayedOrNot" time="3.498"/>
  <testcase classname="testCases.LoginTestCase" name="profileStyleValidation" time="6.674"/>
  <testcase classname="testCases.LoginTestCase" name="profileStyleValidation" time="7.717"/>
  <testcase classname="testCases.LoginTestCase" name="profileStyleValidation" time="6.775"/>
</testsuite> <!-- testCases.LoginTestCase -->
