<?xml version="1.0" encoding="UTF-8"?>
<!-- Generated by org.testng.reporters.JUnitReportReporter -->
<testsuite hostname="DESKTOP-SMGNKPT" failures="0" tests="3" name="testCases.DashboardTestCase" time="40.405" errors="0" timestamp="2023-01-04T18:00:26 IST" skipped="0">
  <testcase classname="testCases.DashboardTestCase" name="verifyTextOfManageUsers" time="2.860"/>
  <testcase classname="testCases.DashboardTestCase" name="verifyTextOfManageExpenses" time="18.674"/>
  <testcase classname="testCases.DashboardTestCase" name="homeStyleValidation" time="18.871"/>
</testsuite> <!-- testCases.DashboardTestCase -->
