<?xml version="1.0" encoding="UTF-8"?>
<!-- Generated by org.testng.reporters.JUnitReportReporter -->
<testsuite hostname="DESKTOP-SMGNKPT" failures="0" tests="3" name="testCases.DashboardTestCase" time="24.308" errors="0" timestamp="2023-01-16T12:38:02 IST" skipped="0">
  <testcase classname="testCases.DashboardTestCase" name="homeStyleValidation" time="2.862"/>
  <testcase classname="testCases.DashboardTestCase" name="verifyTextOfManageExpenses" time="2.742"/>
  <testcase classname="testCases.DashboardTestCase" name="verifyTextOfManageUsers" time="18.704"/>
</testsuite> <!-- testCases.DashboardTestCase -->
