<?xml version="1.0" encoding="UTF-8"?>
<!-- Generated by org.testng.reporters.JUnitReportReporter -->
<testsuite hostname="DESKTOP-SMGNKPT" failures="0" tests="2" name="testCases.ManageDeliveryBoyTestCase" time="44.485" errors="0" timestamp="2023-01-16T12:41:21 IST" skipped="0">
  <testcase classname="testCases.ManageDeliveryBoyTestCase" name="verifyToolTip" time="22.333"/>
  <testcase classname="testCases.ManageDeliveryBoyTestCase" name="verifyStylePropertyOfNewButton" time="22.152"/>
</testsuite> <!-- testCases.ManageDeliveryBoyTestCase -->
