<?xml version="1.0" encoding="UTF-8"?>
<!-- Generated by org.testng.reporters.JUnitReportReporter -->
<testsuite hostname="DESKTOP-SMGNKPT" failures="0" tests="3" name="testCases.DashboardTestCase" time="8.726" errors="0" timestamp="2023-01-06T14:20:31 IST" skipped="0">
  <testcase classname="testCases.DashboardTestCase" name="homeStyleValidation" time="2.822"/>
  <testcase classname="testCases.DashboardTestCase" name="verifyTextOfManageUsers" time="3.070"/>
  <testcase classname="testCases.DashboardTestCase" name="verifyTextOfManageExpenses" time="2.834"/>
</testsuite> <!-- testCases.DashboardTestCase -->
