<?xml version="1.0" encoding="UTF-8"?>
<!-- Generated by org.testng.reporters.JUnitReportReporter -->
<testsuite hostname="DESKTOP-SMGNKPT" failures="0" tests="1" name="testCases.ManageDeliveryBoyTestCase" time="7.025" errors="0" timestamp="2022-12-19T09:34:41 IST" skipped="0">
  <testcase classname="testCases.ManageDeliveryBoyTestCase" name="verifyToolTip" time="7.025"/>
  <system-out/>
</testsuite> <!-- testCases.ManageDeliveryBoyTestCase -->
