<?xml version="1.0" encoding="UTF-8"?>
<!-- Generated by org.testng.reporters.JUnitReportReporter -->
<testsuite hostname="DESKTOP-SMGNKPT" failures="0" tests="1" name="testCases.ManageOrdersTestCase" time="13.598" errors="0" timestamp="2023-01-11T18:46:47 IST" skipped="0">
  <testcase classname="testCases.ManageOrdersTestCase" name="verifyTheChangeDeliveryDateOfSearchedOrder" time="13.598"/>
</testsuite> <!-- testCases.ManageOrdersTestCase -->
