<?xml version="1.0" encoding="UTF-8"?>
<!-- Generated by org.testng.reporters.JUnitReportReporter -->
<testsuite hostname="DESKTOP-SMGNKPT" failures="0" tests="1" name="testCases.LoginTestCase" time="4.435" errors="0" timestamp="2022-12-22T19:43:06 IST" skipped="0">
  <testcase classname="testCases.LoginTestCase" name="excelRead" time="4.435"/>
  <system-out/>
</testsuite> <!-- testCases.LoginTestCase -->
