<?xml version="1.0" encoding="UTF-8"?>
<!-- Generated by org.testng.reporters.JUnitReportReporter -->
<testsuite hostname="DESKTOP-SMGNKPT" failures="0" tests="1" name="testCases.MobileSliderTestCase" time="22.733" errors="0" timestamp="2022-12-15T19:45:44 IST" skipped="0">
  <testcase classname="testCases.MobileSliderTestCase" name="verifyFirstImageStatusIsActiveOrNot" time="22.733"/>
  <system-out/>
</testsuite> <!-- testCases.MobileSliderTestCase -->
