<?xml version="1.0" encoding="UTF-8"?>
<!-- Generated by org.testng.reporters.JUnitReportReporter -->
<testsuite hostname="DESKTOP-SMGNKPT" failures="0" tests="2" name="testCases.ManageDeliveryBoyTestCase" time="28.736" errors="0" timestamp="2023-01-06T18:43:55 IST" skipped="0">
  <testcase classname="testCases.ManageDeliveryBoyTestCase" name="verifyToolTip" time="6.498"/>
  <testcase classname="testCases.ManageDeliveryBoyTestCase" name="verifyStylePropertyOfNewButton" time="22.238"/>
</testsuite> <!-- testCases.ManageDeliveryBoyTestCase -->
