<?xml version="1.0" encoding="UTF-8"?>
<!-- Generated by org.testng.reporters.JUnitReportReporter -->
<testsuite hostname="DESKTOP-SMGNKPT" failures="0" tests="1" name="testCases.ManageLocationTestCase" time="7.290" errors="0" timestamp="2022-12-27T10:47:54 IST" skipped="0">
  <testcase classname="testCases.ManageLocationTestCase" name="verifyTheCountOfActiveStatus" time="7.290"/>
  <system-out/>
</testsuite> <!-- testCases.ManageLocationTestCase -->
