<?xml version="1.0" encoding="UTF-8"?>
<!-- Generated by org.testng.reporters.JUnitReportReporter -->
<testsuite hostname="DESKTOP-SMGNKPT" failures="0" tests="3" name="testCases.AdminUsersTestCase" time="30.713" errors="0" timestamp="2023-01-06T14:20:31 IST" skipped="0">
  <testcase classname="testCases.AdminUsersTestCase" name="verifyTheSearchOfExistingAdminUser" time="20.577"/>
  <testcase classname="testCases.AdminUsersTestCase" name="verifyTheAdminUserIsAbleToCreate" time="5.540"/>
  <testcase classname="testCases.AdminUsersTestCase" name="verifyIfTheExistingAdminUserIsAbleToCreateOrNot" time="4.596"/>
</testsuite> <!-- testCases.AdminUsersTestCase -->
