<?xml version="1.0" encoding="UTF-8"?>
<!-- Generated by org.testng.reporters.JUnitReportReporter -->
<testsuite hostname="DESKTOP-SMGNKPT" failures="0" tests="2" name="testCases.ManageLocationTestCase" time="25.517" errors="0" timestamp="2023-01-06T14:20:31 IST" skipped="0">
  <testcase classname="testCases.ManageLocationTestCase" name="verifyTheSelectedValueIsBelfast" time="5.253"/>
  <testcase classname="testCases.ManageLocationTestCase" name="verifyTheCountOfActiveStatus" time="20.264"/>
</testsuite> <!-- testCases.ManageLocationTestCase -->
