<?xml version="1.0" encoding="UTF-8"?>
<!-- Generated by org.testng.reporters.JUnitReportReporter -->
<testsuite hostname="DESKTOP-SMGNKPT" failures="0" tests="5" name="testCases.PushNotificationTestCase" time="55.756" errors="0" timestamp="2023-01-04T18:00:26 IST" skipped="0">
  <testcase classname="testCases.PushNotificationTestCase" name="verifyTheColorOfMandatorySymbolOfTitle" time="20.556"/>
  <testcase classname="testCases.PushNotificationTestCase" name="verifyTheBackgroundColorOfAlert" time="5.035"/>
  <testcase classname="testCases.PushNotificationTestCase" name="verifyTheTitleOfPushNotification" time="4.131"/>
  <testcase classname="testCases.PushNotificationTestCase" name="verifyTheAlertText" time="6.314"/>
  <testcase classname="testCases.PushNotificationTestCase" name="verifyTheColorOfSendButton" time="19.720"/>
</testsuite> <!-- testCases.PushNotificationTestCase -->
