<?xml version="1.0" encoding="UTF-8"?>
<!-- Generated by org.testng.reporters.JUnitReportReporter -->
<testsuite hostname="DESKTOP-SMGNKPT" failures="0" tests="1" name="testCases.ManageProductTestCase" time="5.951" errors="0" timestamp="2023-01-16T12:41:21 IST" skipped="0">
  <testcase classname="testCases.ManageProductTestCase" name="verifyVegIsSelectedInProductType" time="5.951"/>
</testsuite> <!-- testCases.ManageProductTestCase -->
