<?xml version="1.0" encoding="UTF-8"?>
<!-- Generated by org.testng.reporters.JUnitReportReporter -->
<testsuite hostname="DESKTOP-SMGNKPT" failures="0" tests="3" name="testCases.MobileSliderTestCase" time="28.232" errors="0" timestamp="2023-01-04T18:00:26 IST" skipped="0">
  <testcase classname="testCases.MobileSliderTestCase" name="verifyTextOfMobileSlider" time="3.278"/>
  <testcase classname="testCases.MobileSliderTestCase" name="verifyFirstImageStatusIsActiveOrNot" time="20.426"/>
  <testcase classname="testCases.MobileSliderTestCase" name="verifyFirstImageIsDisplayedOrNot" time="4.528"/>
</testsuite> <!-- testCases.MobileSliderTestCase -->
