<?xml version="1.0" encoding="UTF-8"?>
<!-- Generated by org.testng.reporters.JUnitReportReporter -->
<testsuite hostname="DESKTOP-SMGNKPT" failures="0" tests="2" name="testCases.PushNotificationTestCase" time="23.549" errors="0" timestamp="2023-01-16T12:41:21 IST" skipped="0">
  <testcase classname="testCases.PushNotificationTestCase" name="verifyTheAlertText" time="20.532"/>
  <testcase classname="testCases.PushNotificationTestCase" name="verifyTheColorOfSendButton" time="3.017"/>
</testsuite> <!-- testCases.PushNotificationTestCase -->
